<?xml version="1.0" encoding="UTF-8"?>
<!-- Generated by org.testng.reporters.JUnitXMLReporter -->
<testsuite ignored="0" hostname="DESKTOP-IDBM9JE" failures="0" tests="9" name="Test" time="24.744" errors="0" timestamp="2024-11-28T00:25:55 IST">
  <testcase classname="FitPeo_Revenue_Calculator.FitPeo_Revenue_Calculator_Validation" name="Navigate_to_the_FitPeo_Homepage" time="7.027"/>
  <testcase classname="FitPeo_Revenue_Calculator.FitPeo_Revenue_Calculator_Validation" name="Navigate_to_Revenue_Calculator_Page" time="0.149"/>
  <testcase classname="FitPeo_Revenue_Calculator.FitPeo_Revenue_Calculator_Validation" name="Scroll_Down_to_the_Slider_section" time="3.029"/>
  <testcase classname="FitPeo_Revenue_Calculator.FitPeo_Revenue_Calculator_Validation" name="Adjust_the_Slider" time="6.643"/>
  <testcase classname="FitPeo_Revenue_Calculator.FitPeo_Revenue_Calculator_Validation" name="Update_the_Text_Field" time="3.169"/>
  <testcase classname="FitPeo_Revenue_Calculator.FitPeo_Revenue_Calculator_Validation" name="Validate_Slider_Value" time="3.064"/>
  <testcase classname="FitPeo_Revenue_Calculator.FitPeo_Revenue_Calculator_Validation" name="Select_CPT_Codes" time="1.487"/>
  <testcase classname="FitPeo_Revenue_Calculator.FitPeo_Revenue_Calculator_Validation" name="Validate_Total_Recurring_Reimbursement" time="0.078"/>
  <testcase classname="FitPeo_Revenue_Calculator.FitPeo_Revenue_Calculator_Validation" name="Shows_the_value" time="0.001"/>
</testsuite> <!-- Test -->
