<?xml version="1.0" encoding="UTF-8"?>
<testng-results ignored="0" total="9" passed="9" failed="0" skipped="0">
  <reporter-output>
  </reporter-output>
  <suite started-at="2024-11-28T00:25:30 IST" name="Suite" finished-at="2024-11-28T00:25:55 IST" duration-ms="24744">
    <groups>
    </groups>
    <test started-at="2024-11-28T00:25:30 IST" name="Test" finished-at="2024-11-28T00:25:55 IST" duration-ms="24744">
      <class name="FitPeo_Revenue_Calculator.FitPeo_Revenue_Calculator_Validation">
        <test-method signature="Navigate_to_the_FitPeo_Homepage()[pri:0, instance:FitPeo_Revenue_Calculator.FitPeo_Revenue_Calculator_Validation@57af006c]" started-at="2024-11-28T00:25:30 IST" name="Navigate_to_the_FitPeo_Homepage" finished-at="2024-11-28T00:25:37 IST" duration-ms="7027" status="PASS">
          <reporter-output>
          </reporter-output>
        </test-method> <!-- Navigate_to_the_FitPeo_Homepage -->
        <test-method signature="Navigate_to_Revenue_Calculator_Page()[pri:1, instance:FitPeo_Revenue_Calculator.FitPeo_Revenue_Calculator_Validation@57af006c]" started-at="2024-11-28T00:25:37 IST" name="Navigate_to_Revenue_Calculator_Page" finished-at="2024-11-28T00:25:37 IST" duration-ms="149" status="PASS">
          <reporter-output>
          </reporter-output>
        </test-method> <!-- Navigate_to_Revenue_Calculator_Page -->
        <test-method signature="Scroll_Down_to_the_Slider_section()[pri:2, instance:FitPeo_Revenue_Calculator.FitPeo_Revenue_Calculator_Validation@57af006c]" started-at="2024-11-28T00:25:37 IST" name="Scroll_Down_to_the_Slider_section" finished-at="2024-11-28T00:25:40 IST" duration-ms="3029" status="PASS">
          <reporter-output>
          </reporter-output>
        </test-method> <!-- Scroll_Down_to_the_Slider_section -->
        <test-method signature="Adjust_the_Slider()[pri:3, instance:FitPeo_Revenue_Calculator.FitPeo_Revenue_Calculator_Validation@57af006c]" started-at="2024-11-28T00:25:40 IST" name="Adjust_the_Slider" finished-at="2024-11-28T00:25:47 IST" duration-ms="6643" status="PASS">
          <reporter-output>
          </reporter-output>
        </test-method> <!-- Adjust_the_Slider -->
        <test-method signature="Update_the_Text_Field()[pri:4, instance:FitPeo_Revenue_Calculator.FitPeo_Revenue_Calculator_Validation@57af006c]" started-at="2024-11-28T00:25:47 IST" name="Update_the_Text_Field" finished-at="2024-11-28T00:25:50 IST" duration-ms="3169" status="PASS">
          <reporter-output>
          </reporter-output>
        </test-method> <!-- Update_the_Text_Field -->
        <test-method signature="Validate_Slider_Value()[pri:5, instance:FitPeo_Revenue_Calculator.FitPeo_Revenue_Calculator_Validation@57af006c]" started-at="2024-11-28T00:25:50 IST" name="Validate_Slider_Value" finished-at="2024-11-28T00:25:53 IST" duration-ms="3064" status="PASS">
          <reporter-output>
          </reporter-output>
        </test-method> <!-- Validate_Slider_Value -->
        <test-method signature="Select_CPT_Codes()[pri:6, instance:FitPeo_Revenue_Calculator.FitPeo_Revenue_Calculator_Validation@57af006c]" started-at="2024-11-28T00:25:53 IST" name="Select_CPT_Codes" finished-at="2024-11-28T00:25:55 IST" duration-ms="1487" status="PASS">
          <reporter-output>
          </reporter-output>
        </test-method> <!-- Select_CPT_Codes -->
        <test-method signature="Validate_Total_Recurring_Reimbursement()[pri:7, instance:FitPeo_Revenue_Calculator.FitPeo_Revenue_Calculator_Validation@57af006c]" started-at="2024-11-28T00:25:55 IST" name="Validate_Total_Recurring_Reimbursement" finished-at="2024-11-28T00:25:55 IST" duration-ms="78" status="PASS">
          <reporter-output>
          </reporter-output>
        </test-method> <!-- Validate_Total_Recurring_Reimbursement -->
        <test-method signature="Shows_the_value()[pri:8, instance:FitPeo_Revenue_Calculator.FitPeo_Revenue_Calculator_Validation@57af006c]" started-at="2024-11-28T00:25:55 IST" name="Shows_the_value" finished-at="2024-11-28T00:25:55 IST" duration-ms="1" status="PASS">
          <reporter-output>
          </reporter-output>
        </test-method> <!-- Shows_the_value -->
      </class> <!-- FitPeo_Revenue_Calculator.FitPeo_Revenue_Calculator_Validation -->
    </test> <!-- Test -->
  </suite> <!-- Suite -->
</testng-results>
